Release 14.7 - xst P.20131013 (nt64)
Copyright (c) 1995-2013 Xilinx, Inc.  All rights reserved.
--> Parameter TMPDIR set to xst/projnav.tmp


Total REAL time to Xst completion: 0.00 secs
Total CPU time to Xst completion: 0.09 secs
 
--> Parameter xsthdpdir set to xst


Total REAL time to Xst completion: 0.00 secs
Total CPU time to Xst completion: 0.09 secs
 
--> Reading design: VGA_controller.prj

TABLE OF CONTENTS
  1) Synthesis Options Summary
  2) HDL Parsing
  3) HDL Elaboration
  4) HDL Synthesis
       4.1) HDL Synthesis Report
  5) Advanced HDL Synthesis
       5.1) Advanced HDL Synthesis Report
  6) Low Level Synthesis
  7) Partition Report
  8) Design Summary
       8.1) Primitive and Black Box Usage
       8.2) Device utilization summary
       8.3) Partition Resource Summary
       8.4) Timing Report
            8.4.1) Clock Information
            8.4.2) Asynchronous Control Signals Information
            8.4.3) Timing Summary
            8.4.4) Timing Details
            8.4.5) Cross Clock Domains Report


=========================================================================
*                      Synthesis Options Summary                        *
=========================================================================
---- Source Parameters
Input File Name                    : "VGA_controller.prj"
Ignore Synthesis Constraint File   : NO

---- Target Parameters
Output File Name                   : "VGA_controller"
Output Format                      : NGC
Target Device                      : xc7a100t-3-csg324

---- Source Options
Top Module Name                    : VGA_controller
Automatic FSM Extraction           : YES
FSM Encoding Algorithm             : Auto
Safe Implementation                : No
FSM Style                          : LUT
RAM Extraction                     : Yes
RAM Style                          : Auto
ROM Extraction                     : Yes
Shift Register Extraction          : YES
ROM Style                          : Auto
Resource Sharing                   : YES
Asynchronous To Synchronous        : NO
Shift Register Minimum Size        : 2
Use DSP Block                      : Auto
Automatic Register Balancing       : No

---- Target Options
LUT Combining                      : Auto
Reduce Control Sets                : Auto
Add IO Buffers                     : YES
Global Maximum Fanout              : 100000
Add Generic Clock Buffer(BUFG)     : 32
Register Duplication               : YES
Optimize Instantiated Primitives   : NO
Use Clock Enable                   : Auto
Use Synchronous Set                : Auto
Use Synchronous Reset              : Auto
Pack IO Registers into IOBs        : Auto
Equivalent register Removal        : YES

---- General Options
Optimization Goal                  : Speed
Optimization Effort                : 1
Power Reduction                    : NO
Keep Hierarchy                     : No
Netlist Hierarchy                  : As_Optimized
RTL Output                         : Yes
Global Optimization                : AllClockNets
Read Cores                         : YES
Write Timing Constraints           : NO
Cross Clock Analysis               : NO
Hierarchy Separator                : /
Bus Delimiter                      : <>
Case Specifier                     : Maintain
Slice Utilization Ratio            : 100
BRAM Utilization Ratio             : 100
DSP48 Utilization Ratio            : 100
Auto BRAM Packing                  : NO
Slice Utilization Ratio Delta      : 5

=========================================================================


=========================================================================
*                          HDL Parsing                                  *
=========================================================================
Analyzing Verilog file "C:\Users\Sandeep Kooner\Desktop\360Labs\Project3VGA\vga_synchronization.v" into library work
Parsing module <vga_synchronization>.
Analyzing Verilog file "C:\Users\Sandeep Kooner\Desktop\360Labs\Project3VGA\pixel_generation.v" into library work
Parsing module <pixel_generation>.
Analyzing Verilog file "C:\Users\Sandeep Kooner\Desktop\360Labs\Project3VGA\VGA_controller.v" into library work
Parsing module <VGA_controller>.

=========================================================================
*                            HDL Elaboration                            *
=========================================================================

Elaborating module <VGA_controller>.

Elaborating module <vga_synchronization>.
WARNING:HDLCompiler:1127 - "C:\Users\Sandeep Kooner\Desktop\360Labs\Project3VGA\vga_synchronization.v" Line 107: Assignment to h_video_on ignored, since the identifier is never used
WARNING:HDLCompiler:1127 - "C:\Users\Sandeep Kooner\Desktop\360Labs\Project3VGA\vga_synchronization.v" Line 108: Assignment to v_video_on ignored, since the identifier is never used

Elaborating module <pixel_generation>.
WARNING:HDLCompiler:413 - "C:\Users\Sandeep Kooner\Desktop\360Labs\Project3VGA\pixel_generation.v" Line 125: Result of 32-bit expression is truncated to fit in 10-bit target.
WARNING:HDLCompiler:413 - "C:\Users\Sandeep Kooner\Desktop\360Labs\Project3VGA\pixel_generation.v" Line 133: Result of 11-bit expression is truncated to fit in 10-bit target.
WARNING:HDLCompiler:413 - "C:\Users\Sandeep Kooner\Desktop\360Labs\Project3VGA\pixel_generation.v" Line 136: Result of 32-bit expression is truncated to fit in 10-bit target.
WARNING:HDLCompiler:413 - "C:\Users\Sandeep Kooner\Desktop\360Labs\Project3VGA\pixel_generation.v" Line 152: Result of 11-bit expression is truncated to fit in 10-bit target.
WARNING:HDLCompiler:413 - "C:\Users\Sandeep Kooner\Desktop\360Labs\Project3VGA\pixel_generation.v" Line 153: Result of 11-bit expression is truncated to fit in 10-bit target.

=========================================================================
*                           HDL Synthesis                               *
=========================================================================

Synthesizing Unit <VGA_controller>.
    Related source file is "C:\Users\Sandeep Kooner\Desktop\360Labs\Project3VGA\VGA_controller.v".
    Summary:
	no macro.
Unit <VGA_controller> synthesized.

Synthesizing Unit <vga_synchronization>.
    Related source file is "C:\Users\Sandeep Kooner\Desktop\360Labs\Project3VGA\vga_synchronization.v".
    Found 10-bit register for signal <h_count>.
    Found 10-bit register for signal <v_count>.
    Found 2-bit register for signal <p_count>.
    Found 1-bit register for signal <v_scan_reg>.
    Found 1-bit register for signal <h_scan_reg>.
    Found 2-bit adder for signal <p_count[1]_GND_2_o_add_6_OUT> created at line 71.
    Found 10-bit adder for signal <h_count[9]_GND_2_o_add_8_OUT> created at line 80.
    Found 10-bit adder for signal <v_count[9]_GND_2_o_add_11_OUT> created at line 92.
    Found 10-bit comparator lessequal for signal <n0016> created at line 98
    Found 10-bit comparator lessequal for signal <n0018> created at line 98
    Found 10-bit comparator lessequal for signal <n0022> created at line 102
    Found 10-bit comparator lessequal for signal <n0024> created at line 102
    Found 10-bit comparator greater for signal <h_count[9]_PWR_2_o_LessThan_21_o> created at line 110
    Found 10-bit comparator greater for signal <v_count[9]_GND_2_o_LessThan_22_o> created at line 110
    Summary:
	inferred   3 Adder/Subtractor(s).
	inferred  24 D-type flip-flop(s).
	inferred   6 Comparator(s).
	inferred   3 Multiplexer(s).
Unit <vga_synchronization> synthesized.

Synthesizing Unit <pixel_generation>.
    Related source file is "C:\Users\Sandeep Kooner\Desktop\360Labs\Project3VGA\pixel_generation.v".
    Found 10-bit register for signal <ball_x_reg>.
    Found 10-bit register for signal <ball_y_reg>.
    Found 10-bit register for signal <bar_y_reg>.
    Found 10-bit register for signal <y_delta_reg>.
    Found 10-bit register for signal <x_delta_reg>.
    Found 3-bit subtractor for signal <rom_addr> created at line 156.
    Found 3-bit subtractor for signal <rom_col> created at line 157.
    Found 11-bit adder for signal <n0141> created at line 125.
    Found 10-bit adder for signal <bar_y_reg[9]_GND_3_o_add_20_OUT> created at line 133.
    Found 10-bit adder for signal <ball_x_r> created at line 152.
    Found 10-bit adder for signal <ball_y_b> created at line 153.
    Found 10-bit adder for signal <ball_x_reg[9]_x_delta_reg[9]_add_38_OUT> created at line 164.
    Found 10-bit adder for signal <ball_y_reg[9]_y_delta_reg[9]_add_40_OUT> created at line 165.
    Found 10-bit subtractor for signal <bar_y_b> created at line 34.
    Found 10-bit subtractor for signal <GND_3_o_GND_3_o_sub_23_OUT<9:0>> created at line 136.
    Found 10-bit comparator lessequal for signal <n0007> created at line 110
    Found 10-bit comparator lessequal for signal <n0009> created at line 110
    Found 10-bit comparator lessequal for signal <n0013> created at line 118
    Found 10-bit comparator lessequal for signal <n0015> created at line 118
    Found 10-bit comparator lessequal for signal <n0018> created at line 119
    Found 10-bit comparator lessequal for signal <n0021> created at line 119
    Found 10-bit comparator greater for signal <bar_y_b[9]_GND_3_o_LessThan_20_o> created at line 132
    Found 10-bit comparator greater for signal <GND_3_o_bar_y_t[9]_LessThan_22_o> created at line 135
    Found 10-bit comparator lessequal for signal <n0037> created at line 144
    Found 10-bit comparator lessequal for signal <n0039> created at line 144
    Found 10-bit comparator lessequal for signal <n0042> created at line 145
    Found 10-bit comparator lessequal for signal <n0045> created at line 145
    Found 10-bit comparator greater for signal <ball_y_t[9]_GND_3_o_LessThan_43_o> created at line 172
    Found 10-bit comparator greater for signal <GND_3_o_ball_y_b[9]_LessThan_44_o> created at line 175
    Found 10-bit comparator greater for signal <n0063> created at line 178
    Found 10-bit comparator lessequal for signal <n0065> created at line 181
    Found 10-bit comparator lessequal for signal <n0067> created at line 181
    Found 10-bit comparator lessequal for signal <n0070> created at line 182
    Found 10-bit comparator lessequal for signal <n0073> created at line 182
    Summary:
	inferred   9 Adder/Subtractor(s).
	inferred  50 D-type flip-flop(s).
	inferred  19 Comparator(s).
	inferred   8 Multiplexer(s).
Unit <pixel_generation> synthesized.

=========================================================================
HDL Synthesis Report

Macro Statistics
# Adders/Subtractors                                   : 12
 10-bit adder                                          : 6
 10-bit addsub                                         : 1
 10-bit subtractor                                     : 1
 11-bit adder                                          : 1
 2-bit adder                                           : 1
 3-bit subtractor                                      : 2
# Registers                                            : 10
 1-bit register                                        : 2
 10-bit register                                       : 7
 2-bit register                                        : 1
# Comparators                                          : 25
 10-bit comparator greater                             : 7
 10-bit comparator lessequal                           : 18
# Multiplexers                                         : 11
 1-bit 2-to-1 multiplexer                              : 5
 10-bit 2-to-1 multiplexer                             : 2
 12-bit 2-to-1 multiplexer                             : 3
 2-bit 2-to-1 multiplexer                              : 1

=========================================================================

=========================================================================
*                       Advanced HDL Synthesis                          *
=========================================================================

INFO:Xst:2261 - The FF/Latch <x_delta_reg_3> in Unit <u0> is equivalent to the following 6 FFs/Latches, which will be removed : <x_delta_reg_4> <x_delta_reg_5> <x_delta_reg_6> <x_delta_reg_7> <x_delta_reg_8> <x_delta_reg_9> 
INFO:Xst:2261 - The FF/Latch <y_delta_reg_3> in Unit <u0> is equivalent to the following 6 FFs/Latches, which will be removed : <y_delta_reg_4> <y_delta_reg_5> <y_delta_reg_6> <y_delta_reg_7> <y_delta_reg_8> <y_delta_reg_9> 
WARNING:Xst:1710 - FF/Latch <y_delta_reg_0> (without init value) has a constant value of 0 in block <u0>. This FF/Latch will be trimmed during the optimization process.
WARNING:Xst:1710 - FF/Latch <x_delta_reg_0> (without init value) has a constant value of 0 in block <u0>. This FF/Latch will be trimmed during the optimization process.

Synthesizing (advanced) Unit <pixel_generation>.
The following registers are absorbed into accumulator <ball_x_reg>: 1 register on signal <ball_x_reg>.
The following registers are absorbed into accumulator <ball_y_reg>: 1 register on signal <ball_y_reg>.
The following registers are absorbed into accumulator <bar_y_reg>: 1 register on signal <bar_y_reg>.
Unit <pixel_generation> synthesized (advanced).

Synthesizing (advanced) Unit <vga_synchronization>.
The following registers are absorbed into counter <p_count>: 1 register on signal <p_count>.
The following registers are absorbed into counter <h_count>: 1 register on signal <h_count>.
The following registers are absorbed into counter <v_count>: 1 register on signal <v_count>.
Unit <vga_synchronization> synthesized (advanced).

=========================================================================
Advanced HDL Synthesis Report

Macro Statistics
# Adders/Subtractors                                   : 6
 10-bit adder                                          : 3
 10-bit subtractor                                     : 1
 3-bit subtractor                                      : 2
# Counters                                             : 3
 10-bit up counter                                     : 2
 2-bit up counter                                      : 1
# Accumulators                                         : 3
 10-bit up accumulator                                 : 2
 10-bit updown accumulator                             : 1
# Registers                                            : 22
 Flip-Flops                                            : 22
# Comparators                                          : 25
 10-bit comparator greater                             : 7
 10-bit comparator lessequal                           : 18
# Multiplexers                                         : 8
 1-bit 2-to-1 multiplexer                              : 5
 12-bit 2-to-1 multiplexer                             : 3

=========================================================================

=========================================================================
*                         Low Level Synthesis                           *
=========================================================================
WARNING:Xst:1710 - FF/Latch <y_delta_reg_0> (without init value) has a constant value of 0 in block <pixel_generation>. This FF/Latch will be trimmed during the optimization process.
WARNING:Xst:1895 - Due to other FF/Latch trimming, FF/Latch <x_delta_reg_0> (without init value) has a constant value of 0 in block <pixel_generation>. This FF/Latch will be trimmed during the optimization process.
INFO:Xst:2261 - The FF/Latch <x_delta_reg_3> in Unit <pixel_generation> is equivalent to the following 6 FFs/Latches, which will be removed : <x_delta_reg_4> <x_delta_reg_5> <x_delta_reg_6> <x_delta_reg_7> <x_delta_reg_8> <x_delta_reg_9> 
INFO:Xst:2261 - The FF/Latch <y_delta_reg_3> in Unit <pixel_generation> is equivalent to the following 6 FFs/Latches, which will be removed : <y_delta_reg_4> <y_delta_reg_5> <y_delta_reg_6> <y_delta_reg_7> <y_delta_reg_8> <y_delta_reg_9> 
WARNING:Xst:1710 - FF/Latch <ball_x_reg_0> (without init value) has a constant value of 0 in block <pixel_generation>. This FF/Latch will be trimmed during the optimization process.
WARNING:Xst:1895 - Due to other FF/Latch trimming, FF/Latch <ball_y_reg_0> (without init value) has a constant value of 0 in block <pixel_generation>. This FF/Latch will be trimmed during the optimization process.

Optimizing unit <VGA_controller> ...

Optimizing unit <pixel_generation> ...
WARNING:Xst:1710 - FF/Latch <bar_y_reg_0> (without init value) has a constant value of 0 in block <pixel_generation>. This FF/Latch will be trimmed during the optimization process.
WARNING:Xst:1895 - Due to other FF/Latch trimming, FF/Latch <bar_y_reg_1> (without init value) has a constant value of 0 in block <pixel_generation>. This FF/Latch will be trimmed during the optimization process.

Optimizing unit <vga_synchronization> ...
WARNING:Xst:1710 - FF/Latch <u0/bar_y_reg_9> (without init value) has a constant value of 0 in block <VGA_controller>. This FF/Latch will be trimmed during the optimization process.
WARNING:Xst:1895 - Due to other FF/Latch trimming, FF/Latch <u0/bar_y_reg_1> (without init value) has a constant value of 0 in block <VGA_controller>. This FF/Latch will be trimmed during the optimization process.
WARNING:Xst:1895 - Due to other FF/Latch trimming, FF/Latch <u0/bar_y_reg_0> (without init value) has a constant value of 0 in block <VGA_controller>. This FF/Latch will be trimmed during the optimization process.

Mapping all equations...
Building and optimizing final netlist ...
Found area constraint ratio of 100 (+ 5) on block VGA_controller, actual ratio is 0.

Final Macro Processing ...

=========================================================================
Final Register Report

Macro Statistics
# Registers                                            : 55
 Flip-Flops                                            : 55

=========================================================================

=========================================================================
*                           Partition Report                            *
=========================================================================

Partition Implementation Status
-------------------------------

  No Partitions were found in this design.

-------------------------------

=========================================================================
*                            Design Summary                             *
=========================================================================

Top Level Output File Name         : VGA_controller.ngc

Primitive and Black Box Usage:
------------------------------
# BELS                             : 300
#      GND                         : 1
#      INV                         : 4
#      LUT1                        : 1
#      LUT2                        : 32
#      LUT3                        : 29
#      LUT4                        : 75
#      LUT5                        : 21
#      LUT6                        : 32
#      MUXCY                       : 66
#      VCC                         : 1
#      XORCY                       : 38
# FlipFlops/Latches                : 55
#      FDC                         : 4
#      FDCE                        : 49
#      FDPE                        : 2
# Clock Buffers                    : 1
#      BUFGP                       : 1
# IO Buffers                       : 17
#      IBUF                        : 3
#      OBUF                        : 14

Device utilization summary:
---------------------------

Selected Device : 7a100tcsg324-3 


Slice Logic Utilization: 
 Number of Slice Registers:              55  out of  126800     0%  
 Number of Slice LUTs:                  194  out of  63400     0%  
    Number used as Logic:               194  out of  63400     0%  

Slice Logic Distribution: 
 Number of LUT Flip Flop pairs used:    195
   Number with an unused Flip Flop:     140  out of    195    71%  
   Number with an unused LUT:             1  out of    195     0%  
   Number of fully used LUT-FF pairs:    54  out of    195    27%  
   Number of unique control sets:         7

IO Utilization: 
 Number of IOs:                          18
 Number of bonded IOBs:                  18  out of    210     8%  

Specific Feature Utilization:
 Number of BUFG/BUFGCTRLs:                1  out of     32     3%  

---------------------------
Partition Resource Summary:
---------------------------

  No Partitions were found in this design.

---------------------------


=========================================================================
Timing Report

NOTE: THESE TIMING NUMBERS ARE ONLY A SYNTHESIS ESTIMATE.
      FOR ACCURATE TIMING INFORMATION PLEASE REFER TO THE TRACE REPORT
      GENERATED AFTER PLACE-and-ROUTE.

Clock Information:
------------------
-----------------------------------+------------------------+-------+
Clock Signal                       | Clock buffer(FF name)  | Load  |
-----------------------------------+------------------------+-------+
clk                                | BUFGP                  | 55    |
-----------------------------------+------------------------+-------+

Asynchronous Control Signals Information:
----------------------------------------
No asynchronous control signals found in this design

Timing Summary:
---------------
Speed Grade: -3

   Minimum period: 3.323ns (Maximum Frequency: 300.942MHz)
   Minimum input arrival time before clock: 1.618ns
   Maximum output required time after clock: 5.397ns
   Maximum combinational path delay: No path found

Timing Details:
---------------
All values displayed in nanoseconds (ns)

=========================================================================
Timing constraint: Default period analysis for Clock 'clk'
  Clock period: 3.323ns (frequency: 300.942MHz)
  Total number of paths / destination ports: 3562 / 105
-------------------------------------------------------------------------
Delay:               3.323ns (Levels of Logic = 5)
  Source:            u0/bar_y_reg_6 (FF)
  Destination:       u0/x_delta_reg_3 (FF)
  Source Clock:      clk rising
  Destination Clock: clk rising

  Data Path: u0/bar_y_reg_6 to u0/x_delta_reg_3
                                Gate     Net
    Cell:in->out      fanout   Delay   Delay  Logical Name (Net Name)
    ----------------------------------------  ------------
     FDCE:C->Q            11   0.361   0.730  u0/bar_y_reg_6 (u0/bar_y_reg_6)
     LUT5:I0->O            3   0.097   0.305  u0/Msub_bar_y_b_cy<0>71 (u0/Msub_bar_y_b_cy<0>6)
     LUT3:I2->O            5   0.097   0.575  u0/Msub_bar_y_b_xor<0>101 (u0/bar_y_b<9>)
     LUT4:I0->O            0   0.097   0.000  u0/Mcompar_ball_y_t[9]_bar_y_b[9]_LessThan_49_o_lutdi4 (u0/Mcompar_ball_y_t[9]_bar_y_b[9]_LessThan_49_o_lutdi4)
     MUXCY:DI->O           3   0.567   0.389  u0/Mcompar_ball_y_t[9]_bar_y_b[9]_LessThan_49_o_cy<4> (u0/ball_y_t[9]_bar_y_b[9]_LessThan_49_o)
     LUT6:I4->O            1   0.097   0.000  u0/x_delta_reg_1_dpot (u0/x_delta_reg_1_dpot)
     FDCE:D                    0.008          u0/x_delta_reg_1
    ----------------------------------------
    Total                      3.323ns (1.324ns logic, 1.999ns route)
                                       (39.8% logic, 60.2% route)

=========================================================================
Timing constraint: Default OFFSET IN BEFORE for Clock 'clk'
  Total number of paths / destination ports: 78 / 68
-------------------------------------------------------------------------
Offset:              1.618ns (Levels of Logic = 3)
  Source:            button<1> (PAD)
  Destination:       u0/bar_y_reg_8 (FF)
  Destination Clock: clk rising

  Data Path: button<1> to u0/bar_y_reg_8
                                Gate     Net
    Cell:in->out      fanout   Delay   Delay  Logical Name (Net Name)
    ----------------------------------------  ------------
     IBUF:I->O             2   0.001   0.697  button_1_IBUF (button_1_IBUF)
     LUT6:I0->O            7   0.097   0.323  u0/button[1]_bar_y_b[9]_AND_10_o (u0/button[1]_bar_y_b[9]_AND_10_o)
     LUT4:I3->O            7   0.097   0.307  u0/_n0181_inv3 (u0/_n0181_inv)
     FDCE:CE                   0.095          u0/bar_y_reg_2
    ----------------------------------------
    Total                      1.618ns (0.290ns logic, 1.328ns route)
                                       (17.9% logic, 82.1% route)

=========================================================================
Timing constraint: Default OFFSET OUT AFTER for Clock 'clk'
  Total number of paths / destination ports: 4190 / 14
-------------------------------------------------------------------------
Offset:              5.397ns (Levels of Logic = 8)
  Source:            u0/bar_y_reg_3 (FF)
  Destination:       rgb<11> (PAD)
  Source Clock:      clk rising

  Data Path: u0/bar_y_reg_3 to rgb<11>
                                Gate     Net
    Cell:in->out      fanout   Delay   Delay  Logical Name (Net Name)
    ----------------------------------------  ------------
     FDCE:C->Q            16   0.361   0.752  u0/bar_y_reg_3 (u0/bar_y_reg_3)
     LUT6:I1->O            6   0.097   0.579  u0/Msub_bar_y_b_xor<0>81 (u0/bar_y_b<7>)
     LUT4:I0->O            0   0.097   0.000  u0/Mcompar_pixel_y[9]_bar_y_b[9]_LessThan_15_o_lutdi3 (u0/Mcompar_pixel_y[9]_bar_y_b[9]_LessThan_15_o_lutdi3)
     MUXCY:DI->O           1   0.567   0.295  u0/Mcompar_pixel_y[9]_bar_y_b[9]_LessThan_15_o_cy<3> (u0/Mcompar_pixel_y[9]_bar_y_b[9]_LessThan_15_o_cy<3>)
     LUT5:I4->O            1   0.097   0.693  u0/Mcompar_pixel_y[9]_bar_y_b[9]_LessThan_15_o_cy<4> (u0/pixel_y[9]_bar_y_b[9]_LessThan_15_o)
     LUT6:I0->O            3   0.097   0.566  u0/bar (u0/bar)
     LUT4:I0->O            3   0.097   0.703  u0/rgb<11>11 (rgb_6_OBUF)
     LUT6:I0->O            5   0.097   0.298  u0/rgb<11>1 (rgb_11_OBUF)
     OBUF:I->O                 0.000          rgb_11_OBUF (rgb<11>)
    ----------------------------------------
    Total                      5.397ns (1.510ns logic, 3.887ns route)
                                       (28.0% logic, 72.0% route)

=========================================================================

Cross Clock Domains Report:
--------------------------

Clock to Setup on destination clock clk
---------------+---------+---------+---------+---------+
               | Src:Rise| Src:Fall| Src:Rise| Src:Fall|
Source Clock   |Dest:Rise|Dest:Rise|Dest:Fall|Dest:Fall|
---------------+---------+---------+---------+---------+
clk            |    3.323|         |         |         |
---------------+---------+---------+---------+---------+

=========================================================================


Total REAL time to Xst completion: 10.00 secs
Total CPU time to Xst completion: 9.96 secs
 
--> 

Total memory usage is 462784 kilobytes

Number of errors   :    0 (   0 filtered)
Number of warnings :   18 (   0 filtered)
Number of infos    :    4 (   0 filtered)

